[2019-10-17 22:31:16.494095 +09:00] INFO [src/tui.rs:287] handle_input Char('o')
[2019-10-17 22:31:16.494198 +09:00] INFO [src/tui.rs:351] select_item Oscillator
[2019-10-17 22:31:16.494221 +09:00] INFO [src/tui.rs:382] select_by_key Char('o')
[2019-10-17 22:31:16.494240 +09:00] INFO [src/tui.rs:542] select_param Oscillator
[2019-10-17 22:31:16.494258 +09:00] INFO [src/tui.rs:299] change_state Function -> FunctionIndex
[2019-10-17 22:31:16.999538 +09:00] INFO [src/tui.rs:287] handle_input Char('1')
[2019-10-17 22:31:16.999602 +09:00] INFO [src/tui.rs:406] get_value Char('1')
[2019-10-17 22:31:16.999625 +09:00] INFO [src/tui.rs:502] update_value SelectedItem { item_list: [Selection { item: Oscillator, key: Char('o'), val_range: IntRange(1, 3), next: [Selection { item: Waveform, key: Char('w'), val_range: ChoiceRange([Selection { item: Sine, key: Char('s'), val_range: NoRange, next: [] }, Selection { item: Triangle, key: Char('t'), val_range: NoRange, next: [] }, Selection { item: Saw, key: Char('w'), val_range: NoRange, next: [] }, Selection { item: Square, key: Char('q'), val_range: NoRange, next: [] }, Selection { item: Noise, key: Char('n'), val_range: NoRange, next: [] }]), next: [] }, Selection { item: Level, key: Char('l'), val_range: FloatRange(0.0, 100.0), next: [] }, Selection { item: Frequency, key: Char('f'), val_range: IntRange(-24, 24), next: [] }, Selection { item: Blend, key: Char('b'), val_range: FloatRange(0.0, 5.0), next: [] }, Selection { item: Phase, key: Char('p'), val_range: FloatRange(0.0, 1.0), next: [] }, Selection { item: Sync, key: Char('s'), val_range: IntRange(0, 1), next: [] }, Selection { item: KeyFollow, key: Char('k'), val_range: IntRange(0, 1), next: [] }, Selection { item: Voices, key: Char('v'), val_range: IntRange(1, 7), next: [] }, Selection { item: Spread, key: Char('e'), val_range: FloatRange(0.0, 2.0), next: [] }] }, Selection { item: Envelope, key: Char('e'), val_range: IntRange(1, 2), next: [Selection { item: Attack, key: Char('a'), val_range: FloatRange(0.0, 1000.0), next: [] }, Selection { item: Decay, key: Char('d'), val_range: FloatRange(0.0, 1000.0), next: [] }, Selection { item: Sustain, key: Char('s'), val_range: FloatRange(0.0, 100.0), next: [] }, Selection { item: Release, key: Char('r'), val_range: FloatRange(0.0, 1000.0), next: [] }] }, Selection { item: Lfo, key: Char('l'), val_range: IntRange(1, 3), next: [Selection { item: Waveform, key: Char('w'), val_range: IntRange(1, 3), next: [] }, Selection { item: Frequency, key: Char('f'), val_range: FloatRange(0.0, 22000.0), next: [] }, Selection { item: Phase, key: Char('p'), val_range: FloatRange(0.0, 100.0), next: [] }] }, Selection { item: Filter, key: Char('f'), val_range: IntRange(1, 2), next: [Selection { item: Type, key: Char('t'), val_range: IntRange(1, 3), next: [] }, Selection { item: FilterFreq, key: Char('f'), val_range: FloatRange(0.0, 22000.0), next: [] }, Selection { item: Resonance, key: Char('r'), val_range: FloatRange(0.0, 100.0), next: [] }] }], item_index: 0, value: Int(1) } to Int(1)
[2019-10-17 22:31:16.999691 +09:00] INFO [src/tui.rs:299] change_state FunctionIndex -> Param
[2019-10-17 22:31:16.999709 +09:00] INFO [src/tui.rs:542] select_param Waveform
[2019-10-17 22:31:16.999725 +09:00] INFO [src/tui.rs:334] query_current_value SynthParam { function: Oscillator, function_id: 1, parameter: Waveform, value: Choice(0) }
[2019-10-17 22:31:16.999785 +09:00] INFO [src/tui.rs:243] handle_param Waveform = SynthParam { function: Oscillator, function_id: 1, parameter: Waveform, value: Choice(1) }
[2019-10-17 22:31:16.999811 +09:00] INFO [src/tui.rs:502] update_value SelectedItem { item_list: [Selection { item: Waveform, key: Char('w'), val_range: ChoiceRange([Selection { item: Sine, key: Char('s'), val_range: NoRange, next: [] }, Selection { item: Triangle, key: Char('t'), val_range: NoRange, next: [] }, Selection { item: Saw, key: Char('w'), val_range: NoRange, next: [] }, Selection { item: Square, key: Char('q'), val_range: NoRange, next: [] }, Selection { item: Noise, key: Char('n'), val_range: NoRange, next: [] }]), next: [] }, Selection { item: Level, key: Char('l'), val_range: FloatRange(0.0, 100.0), next: [] }, Selection { item: Frequency, key: Char('f'), val_range: IntRange(-24, 24), next: [] }, Selection { item: Blend, key: Char('b'), val_range: FloatRange(0.0, 5.0), next: [] }, Selection { item: Phase, key: Char('p'), val_range: FloatRange(0.0, 1.0), next: [] }, Selection { item: Sync, key: Char('s'), val_range: IntRange(0, 1), next: [] }, Selection { item: KeyFollow, key: Char('k'), val_range: IntRange(0, 1), next: [] }, Selection { item: Voices, key: Char('v'), val_range: IntRange(1, 7), next: [] }, Selection { item: Spread, key: Char('e'), val_range: FloatRange(0.0, 2.0), next: [] }], item_index: 0, value: Choice(0) } to Choice(1)
[2019-10-17 22:31:18.951455 +09:00] INFO [src/tui.rs:287] handle_input Char('v')
[2019-10-17 22:31:18.954826 +09:00] INFO [src/tui.rs:351] select_item Waveform
[2019-10-17 22:31:18.954862 +09:00] INFO [src/tui.rs:382] select_by_key Char('v')
[2019-10-17 22:31:18.954875 +09:00] INFO [src/tui.rs:542] select_param Voices
[2019-10-17 22:31:18.954886 +09:00] INFO [src/tui.rs:334] query_current_value SynthParam { function: Oscillator, function_id: 1, parameter: Voices, value: Int(1) }
[2019-10-17 22:31:18.954909 +09:00] INFO [src/tui.rs:299] change_state Param -> Value
[2019-10-17 22:31:18.954950 +09:00] INFO [src/tui.rs:243] handle_param Voices = SynthParam { function: Oscillator, function_id: 1, parameter: Voices, value: Int(1) }
[2019-10-17 22:31:18.954986 +09:00] INFO [src/tui.rs:502] update_value SelectedItem { item_list: [Selection { item: Waveform, key: Char('w'), val_range: ChoiceRange([Selection { item: Sine, key: Char('s'), val_range: NoRange, next: [] }, Selection { item: Triangle, key: Char('t'), val_range: NoRange, next: [] }, Selection { item: Saw, key: Char('w'), val_range: NoRange, next: [] }, Selection { item: Square, key: Char('q'), val_range: NoRange, next: [] }, Selection { item: Noise, key: Char('n'), val_range: NoRange, next: [] }]), next: [] }, Selection { item: Level, key: Char('l'), val_range: FloatRange(0.0, 100.0), next: [] }, Selection { item: Frequency, key: Char('f'), val_range: IntRange(-24, 24), next: [] }, Selection { item: Blend, key: Char('b'), val_range: FloatRange(0.0, 5.0), next: [] }, Selection { item: Phase, key: Char('p'), val_range: FloatRange(0.0, 1.0), next: [] }, Selection { item: Sync, key: Char('s'), val_range: IntRange(0, 1), next: [] }, Selection { item: KeyFollow, key: Char('k'), val_range: IntRange(0, 1), next: [] }, Selection { item: Voices, key: Char('v'), val_range: IntRange(1, 7), next: [] }, Selection { item: Spread, key: Char('e'), val_range: FloatRange(0.0, 2.0), next: [] }], item_index: 7, value: Int(1) } to Int(1)
[2019-10-17 22:31:20.142504 +09:00] INFO [src/tui.rs:287] handle_input Up
[2019-10-17 22:31:20.142561 +09:00] INFO [src/tui.rs:406] get_value Up
[2019-10-17 22:31:20.142577 +09:00] INFO [src/tui.rs:502] update_value SelectedItem { item_list: [Selection { item: Waveform, key: Char('w'), val_range: ChoiceRange([Selection { item: Sine, key: Char('s'), val_range: NoRange, next: [] }, Selection { item: Triangle, key: Char('t'), val_range: NoRange, next: [] }, Selection { item: Saw, key: Char('w'), val_range: NoRange, next: [] }, Selection { item: Square, key: Char('q'), val_range: NoRange, next: [] }, Selection { item: Noise, key: Char('n'), val_range: NoRange, next: [] }]), next: [] }, Selection { item: Level, key: Char('l'), val_range: FloatRange(0.0, 100.0), next: [] }, Selection { item: Frequency, key: Char('f'), val_range: IntRange(-24, 24), next: [] }, Selection { item: Blend, key: Char('b'), val_range: FloatRange(0.0, 5.0), next: [] }, Selection { item: Phase, key: Char('p'), val_range: FloatRange(0.0, 1.0), next: [] }, Selection { item: Sync, key: Char('s'), val_range: IntRange(0, 1), next: [] }, Selection { item: KeyFollow, key: Char('k'), val_range: IntRange(0, 1), next: [] }, Selection { item: Voices, key: Char('v'), val_range: IntRange(1, 7), next: [] }, Selection { item: Spread, key: Char('e'), val_range: FloatRange(0.0, 2.0), next: [] }], item_index: 7, value: Int(1) } to Int(2)
[2019-10-17 22:31:20.142630 +09:00] INFO [src/tui.rs:299] change_state Value -> Value
[2019-10-17 22:31:20.142643 +09:00] INFO [src/tui.rs:569] send_event SynthParam { function: Oscillator, function_id: 1, parameter: Voices, value: Int(2) }
[2019-10-17 22:31:20.360481 +09:00] INFO [src/tui.rs:287] handle_input Up
[2019-10-17 22:31:20.360541 +09:00] INFO [src/tui.rs:406] get_value Up
[2019-10-17 22:31:20.360555 +09:00] INFO [src/tui.rs:502] update_value SelectedItem { item_list: [Selection { item: Waveform, key: Char('w'), val_range: ChoiceRange([Selection { item: Sine, key: Char('s'), val_range: NoRange, next: [] }, Selection { item: Triangle, key: Char('t'), val_range: NoRange, next: [] }, Selection { item: Saw, key: Char('w'), val_range: NoRange, next: [] }, Selection { item: Square, key: Char('q'), val_range: NoRange, next: [] }, Selection { item: Noise, key: Char('n'), val_range: NoRange, next: [] }]), next: [] }, Selection { item: Level, key: Char('l'), val_range: FloatRange(0.0, 100.0), next: [] }, Selection { item: Frequency, key: Char('f'), val_range: IntRange(-24, 24), next: [] }, Selection { item: Blend, key: Char('b'), val_range: FloatRange(0.0, 5.0), next: [] }, Selection { item: Phase, key: Char('p'), val_range: FloatRange(0.0, 1.0), next: [] }, Selection { item: Sync, key: Char('s'), val_range: IntRange(0, 1), next: [] }, Selection { item: KeyFollow, key: Char('k'), val_range: IntRange(0, 1), next: [] }, Selection { item: Voices, key: Char('v'), val_range: IntRange(1, 7), next: [] }, Selection { item: Spread, key: Char('e'), val_range: FloatRange(0.0, 2.0), next: [] }], item_index: 7, value: Int(2) } to Int(3)
[2019-10-17 22:31:20.360582 +09:00] INFO [src/tui.rs:299] change_state Value -> Value
[2019-10-17 22:31:20.360594 +09:00] INFO [src/tui.rs:569] send_event SynthParam { function: Oscillator, function_id: 1, parameter: Voices, value: Int(3) }
[2019-10-17 22:31:22.359249 +09:00] INFO [src/tui.rs:287] handle_input Char('e')
[2019-10-17 22:31:22.361981 +09:00] INFO [src/tui.rs:406] get_value Char('e')
[2019-10-17 22:31:22.362049 +09:00] INFO [src/tui.rs:382] select_by_key Char('e')
[2019-10-17 22:31:22.362067 +09:00] INFO [src/tui.rs:542] select_param Spread
[2019-10-17 22:31:22.362083 +09:00] INFO [src/tui.rs:299] change_state Value -> Value
[2019-10-17 22:31:22.362098 +09:00] INFO [src/tui.rs:569] send_event SynthParam { function: Oscillator, function_id: 1, parameter: Spread, value: Float(0.0) }
[2019-10-17 22:31:23.176358 +09:00] INFO [src/tui.rs:287] handle_input Right
[2019-10-17 22:31:23.176430 +09:00] INFO [src/tui.rs:406] get_value Right
[2019-10-17 22:31:23.176453 +09:00] INFO [src/tui.rs:502] update_value SelectedItem { item_list: [Selection { item: Waveform, key: Char('w'), val_range: ChoiceRange([Selection { item: Sine, key: Char('s'), val_range: NoRange, next: [] }, Selection { item: Triangle, key: Char('t'), val_range: NoRange, next: [] }, Selection { item: Saw, key: Char('w'), val_range: NoRange, next: [] }, Selection { item: Square, key: Char('q'), val_range: NoRange, next: [] }, Selection { item: Noise, key: Char('n'), val_range: NoRange, next: [] }]), next: [] }, Selection { item: Level, key: Char('l'), val_range: FloatRange(0.0, 100.0), next: [] }, Selection { item: Frequency, key: Char('f'), val_range: IntRange(-24, 24), next: [] }, Selection { item: Blend, key: Char('b'), val_range: FloatRange(0.0, 5.0), next: [] }, Selection { item: Phase, key: Char('p'), val_range: FloatRange(0.0, 1.0), next: [] }, Selection { item: Sync, key: Char('s'), val_range: IntRange(0, 1), next: [] }, Selection { item: KeyFollow, key: Char('k'), val_range: IntRange(0, 1), next: [] }, Selection { item: Voices, key: Char('v'), val_range: IntRange(1, 7), next: [] }, Selection { item: Spread, key: Char('e'), val_range: FloatRange(0.0, 2.0), next: [] }], item_index: 8, value: Float(0.0) } to Float(0.0)
[2019-10-17 22:31:23.176513 +09:00] INFO [src/tui.rs:299] change_state Value -> Param
[2019-10-17 22:31:23.176531 +09:00] INFO [src/tui.rs:542] select_param Spread
[2019-10-17 22:31:23.176632 +09:00] INFO [src/tui.rs:334] query_current_value SynthParam { function: Oscillator, function_id: 1, parameter: Spread, value: Float(0.0) }
[2019-10-17 22:31:23.176670 +09:00] INFO [src/tui.rs:243] handle_param Spread = SynthParam { function: Oscillator, function_id: 1, parameter: Spread, value: Float(0.0) }
[2019-10-17 22:31:23.176685 +09:00] INFO [src/tui.rs:502] update_value SelectedItem { item_list: [Selection { item: Waveform, key: Char('w'), val_range: ChoiceRange([Selection { item: Sine, key: Char('s'), val_range: NoRange, next: [] }, Selection { item: Triangle, key: Char('t'), val_range: NoRange, next: [] }, Selection { item: Saw, key: Char('w'), val_range: NoRange, next: [] }, Selection { item: Square, key: Char('q'), val_range: NoRange, next: [] }, Selection { item: Noise, key: Char('n'), val_range: NoRange, next: [] }]), next: [] }, Selection { item: Level, key: Char('l'), val_range: FloatRange(0.0, 100.0), next: [] }, Selection { item: Frequency, key: Char('f'), val_range: IntRange(-24, 24), next: [] }, Selection { item: Blend, key: Char('b'), val_range: FloatRange(0.0, 5.0), next: [] }, Selection { item: Phase, key: Char('p'), val_range: FloatRange(0.0, 1.0), next: [] }, Selection { item: Sync, key: Char('s'), val_range: IntRange(0, 1), next: [] }, Selection { item: KeyFollow, key: Char('k'), val_range: IntRange(0, 1), next: [] }, Selection { item: Voices, key: Char('v'), val_range: IntRange(1, 7), next: [] }, Selection { item: Spread, key: Char('e'), val_range: FloatRange(0.0, 2.0), next: [] }], item_index: 8, value: Float(0.0) } to Float(0.0)
[2019-10-17 22:31:24.478627 +09:00] INFO [src/tui.rs:287] handle_input Right
[2019-10-17 22:31:24.478686 +09:00] INFO [src/tui.rs:351] select_item Spread
[2019-10-17 22:31:24.478700 +09:00] INFO [src/tui.rs:299] change_state Param -> Value
[2019-10-17 22:31:25.054966 +09:00] INFO [src/tui.rs:287] handle_input Up
[2019-10-17 22:31:25.055021 +09:00] INFO [src/tui.rs:406] get_value Up
[2019-10-17 22:31:25.055035 +09:00] INFO [src/tui.rs:502] update_value SelectedItem { item_list: [Selection { item: Waveform, key: Char('w'), val_range: ChoiceRange([Selection { item: Sine, key: Char('s'), val_range: NoRange, next: [] }, Selection { item: Triangle, key: Char('t'), val_range: NoRange, next: [] }, Selection { item: Saw, key: Char('w'), val_range: NoRange, next: [] }, Selection { item: Square, key: Char('q'), val_range: NoRange, next: [] }, Selection { item: Noise, key: Char('n'), val_range: NoRange, next: [] }]), next: [] }, Selection { item: Level, key: Char('l'), val_range: FloatRange(0.0, 100.0), next: [] }, Selection { item: Frequency, key: Char('f'), val_range: IntRange(-24, 24), next: [] }, Selection { item: Blend, key: Char('b'), val_range: FloatRange(0.0, 5.0), next: [] }, Selection { item: Phase, key: Char('p'), val_range: FloatRange(0.0, 1.0), next: [] }, Selection { item: Sync, key: Char('s'), val_range: IntRange(0, 1), next: [] }, Selection { item: KeyFollow, key: Char('k'), val_range: IntRange(0, 1), next: [] }, Selection { item: Voices, key: Char('v'), val_range: IntRange(1, 7), next: [] }, Selection { item: Spread, key: Char('e'), val_range: FloatRange(0.0, 2.0), next: [] }], item_index: 8, value: Float(0.0) } to Float(1.0)
[2019-10-17 22:31:25.055069 +09:00] INFO [src/tui.rs:299] change_state Value -> Value
[2019-10-17 22:31:25.055081 +09:00] INFO [src/tui.rs:569] send_event SynthParam { function: Oscillator, function_id: 1, parameter: Spread, value: Float(1.0) }
[2019-10-17 22:31:28.007534 +09:00] INFO [src/tui.rs:287] handle_input Char('v')
[2019-10-17 22:31:28.007619 +09:00] INFO [src/tui.rs:406] get_value Char('v')
[2019-10-17 22:31:28.007638 +09:00] INFO [src/tui.rs:382] select_by_key Char('v')
[2019-10-17 22:31:28.007654 +09:00] INFO [src/tui.rs:542] select_param Voices
[2019-10-17 22:31:28.007670 +09:00] INFO [src/tui.rs:299] change_state Value -> Value
[2019-10-17 22:31:28.007690 +09:00] INFO [src/tui.rs:569] send_event SynthParam { function: Oscillator, function_id: 1, parameter: Voices, value: Int(1) }
